make --dry-run --keep-going --print-directory
make: Entering directory '/mnt/nfs/homes/flohrel/code/rush-ft_shmup'
 
printf "\033[1;33mCompiling build/Window.o and generating/checking make dependency file...\033[0m\n"
c++ -MT build/Window.o -MMD -MP -MF build/.deps/Window.d -Wall -Wextra -Werror -std=c++20 -g3 -fsanitize=address -Incursesw/include -I./include -c src/Window.cpp -o build/Window.o
printf '\033[1A\033[2K\r%-*s\033[1;32m\xE2\x9C\x94\033[0m\n' 31 Window.o
 
printf "\033[1;33mCompiling build/Entity.o and generating/checking make dependency file...\033[0m\n"
c++ -MT build/Entity.o -MMD -MP -MF build/.deps/Entity.d -Wall -Wextra -Werror -std=c++20 -g3 -fsanitize=address -Incursesw/include -I./include -c src/Entity.cpp -o build/Entity.o
printf '\033[1A\033[2K\r%-*s\033[1;32m\xE2\x9C\x94\033[0m\n' 31 Entity.o
 
printf "\033[1;33mCompiling build/Player.o and generating/checking make dependency file...\033[0m\n"
c++ -MT build/Player.o -MMD -MP -MF build/.deps/Player.d -Wall -Wextra -Werror -std=c++20 -g3 -fsanitize=address -Incursesw/include -I./include -c src/Player.cpp -o build/Player.o
printf '\033[1A\033[2K\r%-*s\033[1;32m\xE2\x9C\x94\033[0m\n' 31 Player.o
 
printf "\033[1;33mCompiling build/Time.o and generating/checking make dependency file...\033[0m\n"
c++ -MT build/Time.o -MMD -MP -MF build/.deps/Time.d -Wall -Wextra -Werror -std=c++20 -g3 -fsanitize=address -Incursesw/include -I./include -c src/Time.cpp -o build/Time.o
printf '\033[1A\033[2K\r%-*s\033[1;32m\xE2\x9C\x94\033[0m\n' 31 Time.o
 
printf "\033[1;33mCompiling build/State.o and generating/checking make dependency file...\033[0m\n"
c++ -MT build/State.o -MMD -MP -MF build/.deps/State.d -Wall -Wextra -Werror -std=c++20 -g3 -fsanitize=address -Incursesw/include -I./include -c src/State.cpp -o build/State.o
printf '\033[1A\033[2K\r%-*s\033[1;32m\xE2\x9C\x94\033[0m\n' 31 State.o
 
printf "\033[1;33mCompiling build/main.o and generating/checking make dependency file...\033[0m\n"
c++ -MT build/main.o -MMD -MP -MF build/.deps/main.d -Wall -Wextra -Werror -std=c++20 -g3 -fsanitize=address -Incursesw/include -I./include -c src/main.cpp -o build/main.o
printf '\033[1A\033[2K\r%-*s\033[1;32m\xE2\x9C\x94\033[0m\n' 31 main.o
 
printf "\033[1;33mLinking source files and generating ft_shmup binary...\n\033[0m"
c++ -Wall -Wextra -Werror -std=c++20 -g3 -fsanitize=address -Incursesw/include -I./include -o ft_shmup build/Window.o build/Entity.o build/Player.o build/Time.o build/State.o build/main.o -lncursesw
printf "\033[1A\033[2K\r\033[1;32mBinary generated\033[0m\n"
make: Leaving directory '/mnt/nfs/homes/flohrel/code/rush-ft_shmup'
 
